Command line:
   counter8b_tb_isim_beh.exe
     -simmode  gui
     -simrunnum  0
     -socket  53749

Tue May 14 01:29:34 2024


 Elaboration Time: 0.01 sec

 Current Memory Usage: 186.331 Meg

 Total Signals          : 14
 Total Nets             : 52
 Total Signal Drivers   : 6
 Total Blocks           : 5
 Total Primitive Blocks : 3
 Total Processes        : 5
 Total Traceable Variables  : 16
 Total Scalar Nets and Variables : 538
Total Line Count : 17

 Total Simulation Time: 0.05 sec

 Current Memory Usage: 261.833 Meg

Tue May 14 01:29:53 2024

